<?xml version="1.0" encoding="UTF-8"?>
<testsuite xmlns:xsi="http://www.w3.org/2001/XMLSchema-instance" xsi:noNamespaceSchemaLocation="https://maven.apache.org/surefire/maven-surefire-plugin/xsd/surefire-test-report-3.0.xsd" version="3.0" name="web20242.webcourse.WebcourseApplicationTests" time="0.035" tests="1" errors="1" skipped="0" failures="0">
  <properties>
[...]
</properties>
  <testcase name="" classname="web20242.webcourse.WebcourseApplicationTests" time="0.035">
    <error message="Receiver class org.springframework.boot.logging.logback.RootLogLevelConfigurator does not define or inherit an implementation of the resolved method &apos;abstract void configure(ch.qos.logback.classic.LoggerContext)&apos; of interface ch.qos.logback.classic.spi.Configurator." type="java.lang.AbstractMethodError"><![CDATA[java.lang.AbstractMethodError: Receiver class org.springframework.boot.logging.logback.RootLogLevelConfigurator does not define or inherit an implementation of the resolved method 'abstract void configure(ch.qos.logback.classic.LoggerContext)' of interface ch.qos.logback.classic.spi.Configurator.
	at ch.qos.logback.classic.util.ContextInitializer.autoConfig(ContextInitializer.java:140)
	at org.slf4j.impl.StaticLoggerBinder.init(StaticLoggerBinder.java:84)
	at org.slf4j.impl.StaticLoggerBinder.<clinit>(StaticLoggerBinder.java:55)
	at org.slf4j.LoggerFactory.bind(LoggerFactory.java:150)
	at org.slf4j.LoggerFactory.performInitialization(LoggerFactory.java:124)
	at org.slf4j.LoggerFactory.getILoggerFactory(LoggerFactory.java:417)
	at org.slf4j.LoggerFactory.getLogger(LoggerFactory.java:362)
	at org.apache.commons.logging.LogAdapter$Slf4jAdapter.createLocationAwareLog(LogAdapter.java:121)
	at org.apache.commons.logging.LogAdapter.createLog(LogAdapter.java:95)
	at org.apache.commons.logging.LogFactoryService.getInstance(LogFactoryService.java:52)
	at org.apache.commons.logging.LogFactoryService.getInstance(LogFactoryService.java:47)
	at org.apache.commons.logging.LogFactory.getLog(LogFactory.java:655)
	at org.springframework.test.context.TestContextManager.<clinit>(TestContextManager.java:93)
	at org.springframework.test.context.junit.jupiter.SpringExtension.getTestContextManager(SpringExtension.java:366)
	at org.springframework.test.context.junit.jupiter.SpringExtension.beforeAll(SpringExtension.java:131)
	at java.base/java.util.ArrayList.forEach(ArrayList.java:1511)
]]></error>
    <system-out><![CDATA[Standard Commons Logging discovery in action with spring-jcl: please remove commons-logging.jar from classpath in order to avoid potential conflicts
]]></system-out>
  </testcase>
</testsuite>