<?xml version="1.0" encoding="UTF-8"?>
<testsuite xmlns:xsi="http://www.w3.org/2001/XMLSchema-instance" xsi:noNamespaceSchemaLocation="https://maven.apache.org/surefire/maven-surefire-plugin/xsd/surefire-test-report-3.0.xsd" version="3.0" name="web20242.webcourse.WebcourseApplicationTests" time="2.829" tests="1" errors="0" skipped="0" failures="0">
  <properties>
[...]
</properties>
  <testcase name="contextLoads" classname="web20242.webcourse.WebcourseApplicationTests" time="0.54">
    <system-out><![CDATA[Standard Commons Logging discovery in action with spring-jcl: please remove commons-logging.jar from classpath in order to avoid potential conflicts
00:20:22.177 [main] INFO org.springframework.test.context.support.AnnotationConfigContextLoaderUtils -- Could not detect default configuration classes for test class [web20242.webcourse.WebcourseApplicationTests]: WebcourseApplicationTests does not declare any static, non-private, non-final, nested classes annotated with @Configuration.
00:20:22.228 [main] INFO org.springframework.boot.test.context.SpringBootTestContextBootstrapper -- Found @SpringBootConfiguration web20242.webcourse.WebcourseApplication for test class web20242.webcourse.WebcourseApplicationTests
00:20:22.307 [main] INFO org.springframework.boot.devtools.restart.RestartApplicationListener -- Restart disabled due to context in which it is running

  .   ____          _            __ _ _
 /\\ / ___'_ __ _ _(_)_ __  __ _ \ \ \ \
( ( )\___ | '_ | '_| | '_ \/ _` | \ \ \ \
 \\/  ___)| |_)| | | | | || (_| |  ) ) ) )
  '  |____| .__|_| |_|_| |_\__, | / / / /
 =========|_|==============|___/=/_/_/_/

 :: Spring Boot ::                (v3.3.9)

2025-04-02T00:20:22.450+07:00  INFO 16084 --- [webcourse] [           main] w.webcourse.WebcourseApplicationTests    : Starting WebcourseApplicationTests using Java 17.0.14 with PID 16084 (started by phanthetoan1 in /home/phanthetoan1/PTT-Workspaces/2024.2/Web/web-2024.2/backend)
2025-04-02T00:20:22.451+07:00  INFO 16084 --- [webcourse] [           main] w.webcourse.WebcourseApplicationTests    : The following 1 profile is active: "test"
2025-04-02T00:20:22.853+07:00  INFO 16084 --- [webcourse] [           main] .s.d.r.c.RepositoryConfigurationDelegate : Bootstrapping Spring Data MongoDB repositories in DEFAULT mode.
2025-04-02T00:20:22.933+07:00  INFO 16084 --- [webcourse] [           main] .s.d.r.c.RepositoryConfigurationDelegate : Finished Spring Data repository scanning in 77 ms. Found 9 MongoDB repository interfaces.
2025-04-02T00:20:23.298+07:00  INFO 16084 --- [webcourse] [           main] org.mongodb.driver.client                : MongoClient with metadata {"application": {"name": "Cluster0"}, "driver": {"name": "mongo-java-driver|sync|spring-boot", "version": "5.0.1"}, "os": {"type": "Linux", "name": "Linux", "architecture": "amd64", "version": "6.11.0-19-generic"}, "platform": "Java/Ubuntu/17.0.14+7-Ubuntu-124.04"} created with settings MongoClientSettings{readPreference=primary, writeConcern=WriteConcern{w=majority, wTimeout=null ms, journal=null}, retryWrites=true, retryReads=true, readConcern=ReadConcern{level=null}, credential=MongoCredential{mechanism=null, userName='toanphan', source='admin', password=<hidden>, mechanismProperties=<hidden>}, transportSettings=null, commandListeners=[], codecRegistry=ProvidersCodecRegistry{codecProviders=[ValueCodecProvider{}, BsonValueCodecProvider{}, DBRefCodecProvider{}, DBObjectCodecProvider{}, DocumentCodecProvider{}, CollectionCodecProvider{}, IterableCodecProvider{}, MapCodecProvider{}, GeoJsonCodecProvider{}, GridFSFileCodecProvider{}, Jsr310CodecProvider{}, JsonObjectCodecProvider{}, BsonCodecProvider{}, EnumCodecProvider{}, com.mongodb.client.model.mql.ExpressionCodecProvider@76a7fcbd, com.mongodb.Jep395RecordCodecProvider@433ea2ac, com.mongodb.KotlinCodecProvider@7f977fba]}, loggerSettings=LoggerSettings{maxDocumentLength=1000}, clusterSettings={hosts=[127.0.0.1:27017], srvHost=cluster0.ktovu.mongodb.net, srvServiceName=mongodb, mode=MULTIPLE, requiredClusterType=REPLICA_SET, requiredReplicaSetName='atlas-r58opu-shard-0', serverSelector='null', clusterListeners='[]', serverSelectionTimeout='30000 ms', localThreshold='15 ms'}, socketSettings=SocketSettings{connectTimeoutMS=10000, readTimeoutMS=0, receiveBufferSize=0, proxySettings=ProxySettings{host=null, port=null, username=null, password=null}}, heartbeatSocketSettings=SocketSettings{connectTimeoutMS=10000, readTimeoutMS=10000, receiveBufferSize=0, proxySettings=ProxySettings{host=null, port=null, username=null, password=null}}, connectionPoolSettings=ConnectionPoolSettings{maxSize=100, minSize=0, maxWaitTimeMS=120000, maxConnectionLifeTimeMS=0, maxConnectionIdleTimeMS=0, maintenanceInitialDelayMS=0, maintenanceFrequencyMS=60000, connectionPoolListeners=[], maxConnecting=2}, serverSettings=ServerSettings{heartbeatFrequencyMS=10000, minHeartbeatFrequencyMS=500, serverListeners='[]', serverMonitorListeners='[]'}, sslSettings=SslSettings{enabled=true, invalidHostNameAllowed=false, context=null}, applicationName='Cluster0', compressorList=[], uuidRepresentation=JAVA_LEGACY, serverApi=null, autoEncryptionSettings=null, dnsClient=null, inetAddressResolver=null, contextProvider=null}
2025-04-02T00:20:23.384+07:00  INFO 16084 --- [webcourse] [ovu.mongodb.net] org.mongodb.driver.cluster               : Adding discovered server cluster0-shard-00-02.ktovu.mongodb.net:27017 to client view of cluster
2025-04-02T00:20:23.402+07:00  INFO 16084 --- [webcourse] [ovu.mongodb.net] org.mongodb.driver.cluster               : Adding discovered server cluster0-shard-00-01.ktovu.mongodb.net:27017 to client view of cluster
2025-04-02T00:20:23.405+07:00  INFO 16084 --- [webcourse] [ovu.mongodb.net] org.mongodb.driver.cluster               : Adding discovered server cluster0-shard-00-00.ktovu.mongodb.net:27017 to client view of cluster
2025-04-02T00:20:23.591+07:00  INFO 16084 --- [webcourse] [           main] eAuthenticationProviderManagerConfigurer : Global AuthenticationManager configured with AuthenticationProvider bean with name authenticationProvider
2025-04-02T00:20:23.591+07:00  WARN 16084 --- [webcourse] [           main] r$InitializeUserDetailsManagerConfigurer : Global AuthenticationManager configured with an AuthenticationProvider bean. UserDetailsService beans will not be used for username/password login. Consider removing the AuthenticationProvider bean. Alternatively, consider using the UserDetailsService in a manually instantiated DaoAuthenticationProvider.
2025-04-02T00:20:24.359+07:00  INFO 16084 --- [webcourse] [ngodb.net:27017] org.mongodb.driver.cluster               : Monitor thread successfully connected to server with description ServerDescription{address=cluster0-shard-00-02.ktovu.mongodb.net:27017, type=REPLICA_SET_SECONDARY, state=CONNECTED, ok=true, minWireVersion=0, maxWireVersion=25, maxDocumentSize=16777216, logicalSessionTimeoutMinutes=30, roundTripTimeNanos=414806518, setName='atlas-r58opu-shard-0', canonicalAddress=cluster0-shard-00-02.ktovu.mongodb.net:27017, hosts=[cluster0-shard-00-02.ktovu.mongodb.net:27017, cluster0-shard-00-00.ktovu.mongodb.net:27017, cluster0-shard-00-01.ktovu.mongodb.net:27017], passives=[], arbiters=[], primary='cluster0-shard-00-01.ktovu.mongodb.net:27017', tagSet=TagSet{[Tag{name='availabilityZone', value='ape1-az3'}, Tag{name='diskState', value='READY'}, Tag{name='nodeType', value='ELECTABLE'}, Tag{name='provider', value='AWS'}, Tag{name='region', value='AP_EAST_1'}, Tag{name='workloadType', value='OPERATIONAL'}]}, electionId=null, setVersion=6, topologyVersion=TopologyVersion{processId=67ebe527ddf548e94b40942a, counter=3}, lastWriteDate=Wed Apr 02 00:20:24 ICT 2025, lastUpdateTimeNanos=3515407458735}
2025-04-02T00:20:24.369+07:00  INFO 16084 --- [webcourse] [           main] w.webcourse.WebcourseApplicationTests    : Started WebcourseApplicationTests in 2.068 seconds (process running for 2.546)
2025-04-02T00:20:24.387+07:00  INFO 16084 --- [webcourse] [ngodb.net:27017] org.mongodb.driver.cluster               : Monitor thread successfully connected to server with description ServerDescription{address=cluster0-shard-00-00.ktovu.mongodb.net:27017, type=REPLICA_SET_SECONDARY, state=CONNECTED, ok=true, minWireVersion=0, maxWireVersion=25, maxDocumentSize=16777216, logicalSessionTimeoutMinutes=30, roundTripTimeNanos=488922936, setName='atlas-r58opu-shard-0', canonicalAddress=cluster0-shard-00-00.ktovu.mongodb.net:27017, hosts=[cluster0-shard-00-02.ktovu.mongodb.net:27017, cluster0-shard-00-00.ktovu.mongodb.net:27017, cluster0-shard-00-01.ktovu.mongodb.net:27017], passives=[], arbiters=[], primary='cluster0-shard-00-01.ktovu.mongodb.net:27017', tagSet=TagSet{[Tag{name='availabilityZone', value='ape1-az1'}, Tag{name='diskState', value='READY'}, Tag{name='nodeType', value='ELECTABLE'}, Tag{name='provider', value='AWS'}, Tag{name='region', value='AP_EAST_1'}, Tag{name='workloadType', value='OPERATIONAL'}]}, electionId=null, setVersion=6, topologyVersion=TopologyVersion{processId=67ebe4c405397696cfefb630, counter=4}, lastWriteDate=Wed Apr 02 00:20:24 ICT 2025, lastUpdateTimeNanos=3515436899695}
2025-04-02T00:20:24.676+07:00  INFO 16084 --- [webcourse] [ngodb.net:27017] org.mongodb.driver.cluster               : Monitor thread successfully connected to server with description ServerDescription{address=cluster0-shard-00-01.ktovu.mongodb.net:27017, type=REPLICA_SET_PRIMARY, state=CONNECTED, ok=true, minWireVersion=0, maxWireVersion=25, maxDocumentSize=16777216, logicalSessionTimeoutMinutes=30, roundTripTimeNanos=742547024, setName='atlas-r58opu-shard-0', canonicalAddress=cluster0-shard-00-01.ktovu.mongodb.net:27017, hosts=[cluster0-shard-00-02.ktovu.mongodb.net:27017, cluster0-shard-00-00.ktovu.mongodb.net:27017, cluster0-shard-00-01.ktovu.mongodb.net:27017], passives=[], arbiters=[], primary='cluster0-shard-00-01.ktovu.mongodb.net:27017', tagSet=TagSet{[Tag{name='availabilityZone', value='ape1-az2'}, Tag{name='diskState', value='READY'}, Tag{name='nodeType', value='ELECTABLE'}, Tag{name='provider', value='AWS'}, Tag{name='region', value='AP_EAST_1'}, Tag{name='workloadType', value='OPERATIONAL'}]}, electionId=7fffffff000000000000005f, setVersion=6, topologyVersion=TopologyVersion{processId=67ebe4f6f8ce4ef7dafa1ddc, counter=6}, lastWriteDate=Wed Apr 02 00:20:24 ICT 2025, lastUpdateTimeNanos=3515726479506}
2025-04-02T00:20:24.677+07:00  INFO 16084 --- [webcourse] [ngodb.net:27017] org.mongodb.driver.cluster               : Discovered replica set primary cluster0-shard-00-01.ktovu.mongodb.net:27017 with max election id 7fffffff000000000000005f and max set version 6
]]></system-out>
  </testcase>
</testsuite>